{
  "stats": {
    "suites": 1,
    "tests": 5,
    "passes": 2,
    "pending": 0,
    "failures": 3,
    "start": "2026-05-15T14:19:07.210Z",
    "end": "2026-05-15T14:19:23.475Z",
    "duration": 16265,
    "testsRegistered": 5,
    "passPercent": 40,
    "pendingPercent": 0,
    "other": 0,
    "hasOther": false,
    "skipped": 0,
    "hasSkipped": false
  },
  "results": [
    {
      "uuid": "735aaa8f-fa98-42e5-8206-218925d63490",
      "title": "",
      "fullFile": "cypress\\e2e\\02-dashboard.cy.js",
      "file": "cypress\\e2e\\02-dashboard.cy.js",
      "beforeHooks": [],
      "afterHooks": [],
      "tests": [],
      "suites": [
        {
          "uuid": "eff00a90-33c6-4d18-a008-236e6707a201",
          "title": "Dashboard",
          "fullFile": "",
          "file": "",
          "beforeHooks": [],
          "afterHooks": [],
          "tests": [
            {
              "title": "Validar avatar do usuario",
              "fullTitle": "Dashboard Validar avatar do usuario",
              "timedOut": null,
              "duration": 5029,
              "state": "failed",
              "speed": null,
              "pass": false,
              "fail": true,
              "pending": false,
              "context": "{\n  \"title\": \"cypress-mochawesome-reporter-screenshots\",\n  \"value\": [\n    [\n      \"\\\\02-dashboard.cy.js\\\\Dashboard -- Validar avatar do usuario (failed).png\"\n    ]\n  ]\n}",
              "code": "const userAvatar = 'https://url.inventada/';\n// Assert\n_header.default.verifyUserAvatar(userAvatar);",
              "err": {
                "message": "AssertionError: Timed out retrying after 4000ms: expected '<button.ml-3.flex.items-center.gap-3>' to have attribute 'href'",
                "estack": "AssertionError: Timed out retrying after 4000ms: expected '<button.ml-3.flex.items-center.gap-3>' to have attribute 'href'\n    at Header.verifyUserAvatar (webpack://teste-colmeia-qa/./cypress/pages/header/index.js:6:49)\n    at Context.eval (webpack://teste-colmeia-qa/./cypress/e2e/02-dashboard.cy.js:19:15)",
                "diff": null
              },
              "uuid": "426da48a-45b6-4d9b-904f-3abe6ded7462",
              "parentUUID": "eff00a90-33c6-4d18-a008-236e6707a201",
              "isHook": false,
              "skipped": false
            },
            {
              "title": "Validar nome do usuario",
              "fullTitle": "Dashboard Validar nome do usuario",
              "timedOut": null,
              "duration": 688,
              "state": "passed",
              "speed": "fast",
              "pass": true,
              "fail": false,
              "pending": false,
              "context": null,
              "code": "const userName = 'Candidato';\n// Assert\n_header.default.verifyUserName(userName);",
              "err": {},
              "uuid": "92f5dd93-187e-4ef3-ac41-8a1cc5189768",
              "parentUUID": "eff00a90-33c6-4d18-a008-236e6707a201",
              "isHook": false,
              "skipped": false
            },
            {
              "title": "Abrir menu do usuario",
              "fullTitle": "Dashboard Abrir menu do usuario",
              "timedOut": null,
              "duration": 4881,
              "state": "failed",
              "speed": null,
              "pass": false,
              "fail": true,
              "pending": false,
              "context": "{\n  \"title\": \"cypress-mochawesome-reporter-screenshots\",\n  \"value\": [\n    [\n      \"\\\\02-dashboard.cy.js\\\\Dashboard -- Abrir menu do usuario (failed).png\"\n    ]\n  ]\n}",
              "code": "// Act\n_header.default.activateUserMenu();\n// Assert\n_header.default.verifyElementsUserMenu();",
              "err": {
                "message": "AssertionError: Timed out retrying after 4000ms: expected '<button.ml-3.flex.items-center.gap-3>' not to be 'visible'",
                "estack": "AssertionError: Timed out retrying after 4000ms: expected '<button.ml-3.flex.items-center.gap-3>' not to be 'visible'\n    at Header.verifyElementsUserMenu (webpack://teste-colmeia-qa/./cypress/pages/header/index.js:16:28)\n    at Context.eval (webpack://teste-colmeia-qa/./cypress/e2e/02-dashboard.cy.js:34:15)",
                "diff": null
              },
              "uuid": "8c7baf6a-66f2-4ce7-b6d4-c741a7526a5f",
              "parentUUID": "eff00a90-33c6-4d18-a008-236e6707a201",
              "isHook": false,
              "skipped": false
            },
            {
              "title": "Acessar pagina de dashboard",
              "fullTitle": "Dashboard Acessar pagina de dashboard",
              "timedOut": null,
              "duration": 713,
              "state": "passed",
              "speed": "fast",
              "pass": true,
              "fail": false,
              "pending": false,
              "context": null,
              "code": "// Assert\n_dashboard.default.checkURL();",
              "err": {},
              "uuid": "86a125d6-7e35-4b61-b86e-529db2a6b2f2",
              "parentUUID": "eff00a90-33c6-4d18-a008-236e6707a201",
              "isHook": false,
              "skipped": false
            },
            {
              "title": "Validar dashboard",
              "fullTitle": "Dashboard Validar dashboard",
              "timedOut": null,
              "duration": 4798,
              "state": "failed",
              "speed": null,
              "pass": false,
              "fail": true,
              "pending": false,
              "context": "{\n  \"title\": \"cypress-mochawesome-reporter-screenshots\",\n  \"value\": [\n    [\n      \"\\\\02-dashboard.cy.js\\\\Dashboard -- Validar dashboard (failed).png\"\n    ]\n  ]\n}",
              "code": "const dashboardTitle = 'Dashboard';\n// Assert\n//TODO REFAZER TESTE APOS [JIRA-004]\n_dashboard.default.verifyDashboard(dashboardTitle);",
              "err": {
                "message": "AssertionError: Timed out retrying after 4000ms: Expected to find element: `undefined`, but never found it.",
                "estack": "AssertionError: Timed out retrying after 4000ms: Expected to find element: `undefined`, but never found it.\n    at Dashboard.verifyDashboard (webpack://teste-colmeia-qa/./cypress/pages/dashboard/index.js:9:11)\n    at Context.eval (webpack://teste-colmeia-qa/./cypress/e2e/02-dashboard.cy.js:48:18)",
                "diff": null
              },
              "uuid": "019a33d1-1a86-4c7a-b165-cf24eae7d43f",
              "parentUUID": "eff00a90-33c6-4d18-a008-236e6707a201",
              "isHook": false,
              "skipped": false
            }
          ],
          "suites": [],
          "passes": [
            "92f5dd93-187e-4ef3-ac41-8a1cc5189768",
            "86a125d6-7e35-4b61-b86e-529db2a6b2f2"
          ],
          "failures": [
            "426da48a-45b6-4d9b-904f-3abe6ded7462",
            "8c7baf6a-66f2-4ce7-b6d4-c741a7526a5f",
            "019a33d1-1a86-4c7a-b165-cf24eae7d43f"
          ],
          "pending": [],
          "skipped": [],
          "duration": 16109,
          "root": false,
          "rootEmpty": false,
          "_timeout": 2000
        }
      ],
      "passes": [],
      "failures": [],
      "pending": [],
      "skipped": [],
      "duration": 0,
      "root": true,
      "rootEmpty": true,
      "_timeout": 2000
    }
  ],
  "meta": {
    "mocha": {
      "version": "7.2.0"
    },
    "mochawesome": {
      "options": {
        "quiet": false,
        "reportFilename": "mochawesome",
        "saveHtml": false,
        "saveJson": true,
        "consoleReporter": "spec",
        "useInlineDiffs": false,
        "code": true
      },
      "version": "7.1.4"
    },
    "marge": {
      "options": {
        "reportDir": "cypress\\reports\\.jsons",
        "reportFilename": "mochawesome",
        "overwrite": false,
        "html": false,
        "json": true,
        "charts": true,
        "embeddedScreenshots": true,
        "inlineAssets": true,
        "saveAllAttempts": false
      },
      "version": "6.3.2"
    }
  }
}